Сборка начата 29.10.2024 18:05:35.
Уровень детализации журнала: Normal.     1>Проект "P:\CodeProjects\BSTU\labs\VRPO\lab4\Lab_04\dop7_1\dop7_1.vcxproj" в узле 3 (целевые объекты Rebuild).
     1>_PrepareForClean:
         Файл "x64\Debug\dop7_1.tlog\dop7_1.lastbuildstate" удаляется.
       PrepareForBuild:
         Структурированный вывод включен. Форматирование диагностики компилятора будет отражать иерархию ошибок. Подробнее см. https://aka.ms/cpp/structured-output.
       InitializeBuildStatus:
         Обращение к "x64\Debug\dop7_1.tlog\unsuccessfulbuild".
       ClCompile:
         C:\Program Files\Microsoft Visual Studio\2022\Community\VC\Tools\MSVC\14.41.34120\bin\HostX64\x64\CL.exe /c /ZI /JMC /nologo /W3 /WX- /diagnostics:column /sdl /Od /D _DEBUG /D _CONSOLE /D _UNICODE /D UNICODE /Gm- /EHsc /RTC1 /MDd /GS /fp:precise /Zc:wchar_t /Zc:forScope /Zc:inline /permissive- /Fo"x64\Debug\\" /Fd"x64\Debug\vc143.pdb" /external:W3 /Gd /TP /FC /errorReport:prompt dop7_1.cpp
         dop7_1.cpp
     1>P:\CodeProjects\BSTU\labs\VRPO\lab4\Lab_04\dop7_1\dop7_1.cpp(14,3): error C2561: main: функция должна возвращать значение
             P:\CodeProjects\BSTU\labs\VRPO\lab4\Lab_04\dop7_1\dop7_1.cpp(6,5):
              см. объявление "main"
         
     1>Сборка проекта "P:\CodeProjects\BSTU\labs\VRPO\lab4\Lab_04\dop7_1\dop7_1.vcxproj" завершена (целевые объекты Rebuild) с ошибкой.

Ошибка сборки.

       "P:\CodeProjects\BSTU\labs\VRPO\lab4\Lab_04\dop7_1\dop7_1.vcxproj" (целевой объект Rebuild ) (1) ->
       (Целевой объект ClCompile) -> 
         P:\CodeProjects\BSTU\labs\VRPO\lab4\Lab_04\dop7_1\dop7_1.cpp(14,3): error C2561: main: функция должна возвращать значение

    Предупреждений: 0
    Ошибок: 1

Прошло времени 00:00:00.75
