Сборка начата 29.10.2024 18:06:06.
Уровень детализации журнала: Normal.     1>Проект "P:\CodeProjects\BSTU\labs\VRPO\lab4\Lab_04\dop7_2\dop7_2.vcxproj" в узле 2 (целевые объекты Build).
     1>PrepareForBuild:
         Структурированный вывод включен. Форматирование диагностики компилятора будет отражать иерархию ошибок. Подробнее см. https://aka.ms/cpp/structured-output.
       InitializeBuildStatus:
         Создание "x64\Debug\dop7_2.tlog\unsuccessfulbuild", так как было задано "AlwaysCreate".
         Обращение к "x64\Debug\dop7_2.tlog\unsuccessfulbuild".
       ClCompile:
         C:\Program Files\Microsoft Visual Studio\2022\Community\VC\Tools\MSVC\14.41.34120\bin\HostX64\x64\CL.exe /c /ZI /JMC /nologo /W3 /WX- /diagnostics:column /sdl /Od /D _DEBUG /D _CONSOLE /D _UNICODE /D UNICODE /Gm- /EHsc /RTC1 /MDd /GS /fp:precise /Zc:wchar_t /Zc:forScope /Zc:inline /permissive- /Fo"x64\Debug\\" /Fd"x64\Debug\vc143.pdb" /external:W3 /Gd /TP /FC /errorReport:prompt dop7_2.cpp
         dop7_2.cpp
     1>P:\CodeProjects\BSTU\labs\VRPO\lab4\Lab_04\dop7_2\dop7_2.cpp(18,61): warning C4244: +=: преобразование "double" в "int", возможна потеря данных
     1>P:\CodeProjects\BSTU\labs\VRPO\lab4\Lab_04\dop7_2\dop7_2.cpp(41,17): warning C4244: инициализация: преобразование "double" в "int", возможна потеря данных
     1>P:\CodeProjects\BSTU\labs\VRPO\lab4\Lab_04\dop7_2\dop7_2.cpp(41,66): warning C4267: инициализация: преобразование из "size_t" в "int"; возможна потеря данных
       Link:
         C:\Program Files\Microsoft Visual Studio\2022\Community\VC\Tools\MSVC\14.41.34120\bin\HostX64\x64\link.exe /ERRORREPORT:PROMPT /OUT:"P:\CodeProjects\BSTU\labs\VRPO\lab4\Lab_04\x64\Debug\dop7_2.exe" /INCREMENTAL /ILK:"x64\Debug\dop7_2.ilk" /NOLOGO kernel32.lib user32.lib gdi32.lib winspool.lib comdlg32.lib advapi32.lib shell32.lib ole32.lib oleaut32.lib uuid.lib odbc32.lib odbccp32.lib /MANIFEST /MANIFESTUAC:"level='asInvoker' uiAccess='false'" /manifest:embed /DEBUG /PDB:"P:\CodeProjects\BSTU\labs\VRPO\lab4\Lab_04\x64\Debug\dop7_2.pdb" /SUBSYSTEM:CONSOLE /TLBID:1 /DYNAMICBASE /NXCOMPAT /IMPLIB:"P:\CodeProjects\BSTU\labs\VRPO\lab4\Lab_04\x64\Debug\dop7_2.lib" /MACHINE:X64 x64\Debug\dop7_2.obj
         dop7_2.vcxproj -> P:\CodeProjects\BSTU\labs\VRPO\lab4\Lab_04\x64\Debug\dop7_2.exe
       FinalizeBuildStatus:
         Файл "x64\Debug\dop7_2.tlog\unsuccessfulbuild" удаляется.
         Обращение к "x64\Debug\dop7_2.tlog\dop7_2.lastbuildstate".
     1>Сборка проекта "P:\CodeProjects\BSTU\labs\VRPO\lab4\Lab_04\dop7_2\dop7_2.vcxproj" завершена (целевые объекты Build).

Сборка успешно завершена.

       "P:\CodeProjects\BSTU\labs\VRPO\lab4\Lab_04\dop7_2\dop7_2.vcxproj" (целевой объект Build ) (1) ->
       (Целевой объект ClCompile) -> 
         P:\CodeProjects\BSTU\labs\VRPO\lab4\Lab_04\dop7_2\dop7_2.cpp(18,61): warning C4244: +=: преобразование "double" в "int", возможна потеря данных
         P:\CodeProjects\BSTU\labs\VRPO\lab4\Lab_04\dop7_2\dop7_2.cpp(41,17): warning C4244: инициализация: преобразование "double" в "int", возможна потеря данных
         P:\CodeProjects\BSTU\labs\VRPO\lab4\Lab_04\dop7_2\dop7_2.cpp(41,66): warning C4267: инициализация: преобразование из "size_t" в "int"; возможна потеря данных

    Предупреждений: 3
    Ошибок: 0

Прошло времени 00:00:00.84
