Сборка начата 12.11.2024 18:40:03.
Уровень детализации журнала: Normal.     1>Проект "P:\CodeProjects\BSTU\labs\VRPO\lab5\Lab_05\Lab_05\Lab_05.vcxproj" в узле 2 (целевые объекты Build).
     1>PrepareForBuild:
         Структурированный вывод включен. Форматирование диагностики компилятора будет отражать иерархию ошибок. Подробнее см. https://aka.ms/cpp/structured-output.
       InitializeBuildStatus:
         Создание "Debug\Lab_05.tlog\unsuccessfulbuild", так как было задано "AlwaysCreate".
         Обращение к "Debug\Lab_05.tlog\unsuccessfulbuild".
       ClCompile:
         C:\Program Files\Microsoft Visual Studio\2022\Community\VC\Tools\MSVC\14.41.34120\bin\HostX86\x86\CL.exe /c /ZI /JMC /nologo /W3 /WX- /diagnostics:column /sdl /Od /Oy- /D WIN32 /D _DEBUG /D _CONSOLE /D _UNICODE /D UNICODE /Gm- /EHsc /RTC1 /MDd /GS /fp:precise /Zc:wchar_t /Zc:forScope /Zc:inline /permissive- /Fo"Debug\\" /Fd"Debug\vc143.pdb" /external:W3 /Gd /TP /analyze- /FC /errorReport:prompt Lab_05.cpp
         Lab_05.cpp
       Link:
         C:\Program Files\Microsoft Visual Studio\2022\Community\VC\Tools\MSVC\14.41.34120\bin\HostX86\x86\link.exe /ERRORREPORT:PROMPT /OUT:"P:\CodeProjects\BSTU\labs\VRPO\lab5\Lab_05\Debug\Lab_05.exe" /INCREMENTAL /ILK:"Debug\Lab_05.ilk" /NOLOGO kernel32.lib user32.lib gdi32.lib winspool.lib comdlg32.lib advapi32.lib shell32.lib ole32.lib oleaut32.lib uuid.lib odbc32.lib odbccp32.lib /MANIFEST /MANIFESTUAC:"level='asInvoker' uiAccess='false'" /manifest:embed /DEBUG /PDB:"P:\CodeProjects\BSTU\labs\VRPO\lab5\Lab_05\Debug\Lab_05.pdb" /SUBSYSTEM:CONSOLE /TLBID:1 /DYNAMICBASE /NXCOMPAT /IMPLIB:"P:\CodeProjects\BSTU\labs\VRPO\lab5\Lab_05\Debug\Lab_05.lib" /MACHINE:X86 Debug\file_mul.obj
         Debug\file_sum.obj
         Debug\Lab_05.obj
         Lab_05.vcxproj -> P:\CodeProjects\BSTU\labs\VRPO\lab5\Lab_05\Debug\Lab_05.exe
       FinalizeBuildStatus:
         Файл "Debug\Lab_05.tlog\unsuccessfulbuild" удаляется.
         Обращение к "Debug\Lab_05.tlog\Lab_05.lastbuildstate".
     1>Сборка проекта "P:\CodeProjects\BSTU\labs\VRPO\lab5\Lab_05\Lab_05\Lab_05.vcxproj" завершена (целевые объекты Build).

Сборка успешно завершена.
    Предупреждений: 0
    Ошибок: 0

Прошло времени 00:00:01.37
