Сборка начата 12.11.2024 18:03:59.
Уровень детализации журнала: Normal.     1>Проект "P:\CodeProjects\BSTU\labs\VRPO\lab4\Lab_04\dop7_2_attempt1\dop7_2_attempt1.vcxproj" в узле 2 (целевые объекты Build).
     1>C:\Program Files\Microsoft Visual Studio\2022\Community\MSBuild\Microsoft\VC\v170\Microsoft.CppBuild.targets(531,5): warning MSB8028: промежуточный каталог (x64\Debug\) содержит файлы, которые используются совместно с другим проектом (dop7_2_attempt1.vcxproj).  Это может привести к ошибкам очистки и перестроения.
         Структурированный вывод включен. Форматирование диагностики компилятора будет отражать иерархию ошибок. Подробнее см. https://aka.ms/cpp/structured-output.
     1>InitializeBuildStatus:
         Создание "x64\Debug\dop7_2.tlog\unsuccessfulbuild", так как было задано "AlwaysCreate".
         Обращение к "x64\Debug\dop7_2.tlog\unsuccessfulbuild".
       ClCompile:
         C:\Program Files\Microsoft Visual Studio\2022\Community\VC\Tools\MSVC\14.41.34120\bin\HostX64\x64\CL.exe /c /ZI /JMC /nologo /W3 /WX- /diagnostics:column /sdl /Od /D _DEBUG /D _CONSOLE /D _UNICODE /D UNICODE /Gm- /EHsc /RTC1 /MDd /GS /fp:precise /Zc:wchar_t /Zc:forScope /Zc:inline /permissive- /Fo"x64\Debug\\" /Fd"x64\Debug\vc143.pdb" /external:W3 /Gd /TP /FC /errorReport:prompt dop7_2.cpp
         dop7_2.cpp
       Link:
         C:\Program Files\Microsoft Visual Studio\2022\Community\VC\Tools\MSVC\14.41.34120\bin\HostX64\x64\link.exe /ERRORREPORT:PROMPT /OUT:"P:\CodeProjects\BSTU\labs\VRPO\lab4\Lab_04\x64\Debug\dop7_2.exe" /INCREMENTAL /ILK:"x64\Debug\dop7_2.ilk" /NOLOGO kernel32.lib user32.lib gdi32.lib winspool.lib comdlg32.lib advapi32.lib shell32.lib ole32.lib oleaut32.lib uuid.lib odbc32.lib odbccp32.lib /MANIFEST /MANIFESTUAC:"level='asInvoker' uiAccess='false'" /manifest:embed /DEBUG /PDB:"P:\CodeProjects\BSTU\labs\VRPO\lab4\Lab_04\x64\Debug\dop7_2.pdb" /SUBSYSTEM:CONSOLE /TLBID:1 /DYNAMICBASE /NXCOMPAT /IMPLIB:"P:\CodeProjects\BSTU\labs\VRPO\lab4\Lab_04\x64\Debug\dop7_2.lib" /MACHINE:X64 x64\Debug\bin.obj
         x64\Debug\dop7_2.obj
         x64\Debug\hex.obj
         x64\Debug\UTF8_Functions.obj
         dop7_2_attempt1.vcxproj -> P:\CodeProjects\BSTU\labs\VRPO\lab4\Lab_04\x64\Debug\dop7_2.exe
       FinalizeBuildStatus:
         Файл "x64\Debug\dop7_2.tlog\unsuccessfulbuild" удаляется.
         Обращение к "x64\Debug\dop7_2.tlog\dop7_2.lastbuildstate".
     1>Сборка проекта "P:\CodeProjects\BSTU\labs\VRPO\lab4\Lab_04\dop7_2_attempt1\dop7_2_attempt1.vcxproj" завершена (целевые объекты Build).

Сборка успешно завершена.

       "P:\CodeProjects\BSTU\labs\VRPO\lab4\Lab_04\dop7_2_attempt1\dop7_2_attempt1.vcxproj" (целевой объект Build ) (1) ->
       (Целевой объект PrepareForBuild) -> 
         C:\Program Files\Microsoft Visual Studio\2022\Community\MSBuild\Microsoft\VC\v170\Microsoft.CppBuild.targets(531,5): warning MSB8028: промежуточный каталог (x64\Debug\) содержит файлы, которые используются совместно с другим проектом (dop7_2_attempt1.vcxproj).  Это может привести к ошибкам очистки и перестроения.

    Предупреждений: 1
    Ошибок: 0

Прошло времени 00:00:01.10
